ď»ż
> thecolony-app@0.1.0 build
> next build

Î“Ă»â–“ Next.js 16.2.6 (Turbopack)
- Environments: .env.local

  Creating an optimized production build ...
Î“ÂŁĂ´ Compiled successfully in 29.6s
  Skipping validation of types
  Finished TypeScript config validation in 2.2s ...
  Collecting page data using 7 workers ...
  Generating static pages using 7 workers (0/85) ...
  Generating static pages using 7 workers (21/85) 
  Generating static pages using 7 workers (42/85) 
  Generating static pages using 7 workers (63/85) 
Î“ÂŁĂ´ Generating static pages using 7 workers (85/85) in 7.7s
  Finalizing page optimization ...

Route (app)                                        Revalidate  Expire
Î“Ă¶Ă® Î“ĂąĂŻ /                                                      1m      1y
Î“Ă¶ÂŁ Î“ĂąĂŻ /_not-found
Î“Ă¶ÂŁ Î“ĂąĂŻ /about
Î“Ă¶ÂŁ â•žĂ† /admin
Î“Ă¶ÂŁ Î“ĂąĂŻ /advertise
Î“Ă¶ÂŁ â•žĂ† /api/admin/articles
Î“Ă¶ÂŁ â•žĂ† /api/admin/clips
Î“Ă¶ÂŁ â•žĂ† /api/admin/contributors/applications
Î“Ă¶ÂŁ â•žĂ† /api/admin/contributors/approve
Î“Ă¶ÂŁ â•žĂ† /api/admin/live
Î“Ă¶ÂŁ â•žĂ† /api/admin/live/start
Î“Ă¶ÂŁ â•žĂ† /api/admin/members
Î“Ă¶ÂŁ â•žĂ† /api/admin/report-card
Î“Ă¶ÂŁ â•žĂ† /api/admin/status
Î“Ă¶ÂŁ â•žĂ† /api/clips/moderate
Î“Ă¶ÂŁ â•žĂ† /api/clips/moment
Î“Ă¶ÂŁ â•žĂ† /api/clips/upload
Î“Ă¶ÂŁ â•žĂ† /api/clips/upvote
Î“Ă¶ÂŁ â•žĂ† /api/comments
Î“Ă¶ÂŁ â•žĂ† /api/contributors/apply
Î“Ă¶ÂŁ â•žĂ† /api/contributors/follow
Î“Ă¶ÂŁ â•žĂ† /api/cron/ingest-rss
Î“Ă¶ÂŁ â•žĂ† /api/cron/poll-feeds
Î“Ă¶ÂŁ â•žĂ† /api/cron/weekly-digest
Î“Ă¶ÂŁ â•žĂ† /api/csp-report
Î“Ă¶ÂŁ â•žĂ† /api/jobs/transcribe
Î“Ă¶ÂŁ â•žĂ† /api/newsletter/subscribe
Î“Ă¶ÂŁ â•žĂ† /api/progress
Î“Ă¶ÂŁ â•žĂ† /api/stripe/billing-portal
Î“Ă¶ÂŁ â•žĂ† /api/stripe/checkout
Î“Ă¶ÂŁ â•žĂ† /api/tips
Î“Ă¶ÂŁ â•žĂ† /api/watchlist
Î“Ă¶ÂŁ â•žĂ† /api/webhooks/mux
Î“Ă¶ÂŁ â•žĂ† /api/webhooks/stripe
Î“Ă¶ÂŁ Î“ĂąĂŻ /backroom
Î“Ă¶ÂŁ Î“ĂąĂŻ /blog
Î“Ă¶ÂŁ Î“ĂąĂ… /blog/[slug]
Î“Ă¶Ă© Î“Ă¶ÂŁ /blog/county-reporting-matters-more-than-ever
Î“Ă¶Ă© Î“Ă¶ÂŁ /blog/newsletter-archive-migration-complete
Î“Ă¶Ă© Î“Ă¶Ă¶ /blog/building-the-colony-news-hub
Î“Ă¶ÂŁ Î“ĂąĂŻ /briefing
Î“Ă¶ÂŁ Î“ĂąĂŻ /clips
Î“Ă¶ÂŁ Î“ĂąĂŻ /contributors                                          5m      1y
Î“Ă¶ÂŁ Î“ĂąĂ… /contributors/[slug]                                   5m      1y
Î“Ă¶Ă© Î“Ă¶ÂŁ /contributors/david-reyes                              5m      1y
Î“Ă¶Ă© Î“Ă¶ÂŁ /contributors/dan-hollis                               5m      1y
Î“Ă¶Ă© Î“Ă¶ÂŁ /contributors/marcus-webb                              5m      1y
Î“Ă¶Ă© Î“Ă¶Ă¶ [+3 more paths]
Î“Ă¶ÂŁ â•žĂ† /contributors/join
Î“Ă¶ÂŁ Î“ĂąĂŻ /counties
Î“Ă¶ÂŁ Î“ĂąĂŻ /journalists                                           5m      1y
Î“Ă¶ÂŁ Î“ĂąĂŻ /legal/cookies
Î“Ă¶ÂŁ Î“ĂąĂŻ /legal/privacy
Î“Ă¶ÂŁ Î“ĂąĂŻ /legal/terms
Î“Ă¶ÂŁ â•žĂ† /live
Î“Ă¶ÂŁ Î“ĂąĂŻ /manifest.webmanifest
Î“Ă¶ÂŁ Î“ĂąĂŻ /membership
Î“Ă¶ÂŁ Î“ĂąĂŻ /membership/account
Î“Ă¶ÂŁ Î“ĂąĂŻ /my-counties
Î“Ă¶ÂŁ Î“ĂąĂŻ /my-feed
Î“Ă¶ÂŁ â•žĂ† /news
Î“Ă¶ÂŁ â•žĂ† /newsletter/confirm
Î“Ă¶ÂŁ Î“ĂąĂŻ /newsletter/preferences
Î“Ă¶ÂŁ â•žĂ† /newsletter/unsubscribe
Î“Ă¶ÂŁ Î“ĂąĂŻ /opinion                                               2m      1y
Î“Ă¶ÂŁ Î“ĂąĂŻ /podcasts                                              1m      1y
Î“Ă¶ÂŁ Î“ĂąĂ… /podcasts/[slug]                                       1m      1y
Î“Ă¶Ă© Î“Ă¶ÂŁ /podcasts/faith-and-freedom                            1m      1y
Î“Ă¶Ă© Î“Ă¶ÂŁ /podcasts/colony-report                                1m      1y
Î“Ă¶Ă© Î“Ă¶ÂŁ /podcasts/patriot-hour                                 1m      1y
Î“Ă¶Ă© Î“Ă¶Ă¶ /podcasts/oklahoma-underground                         1m      1y
Î“Ă¶ÂŁ â•žĂ† /podcasts/[slug]/[ep]
Î“Ă¶ÂŁ Î“ĂąĂŻ /pricing
Î“Ă¶ÂŁ â•žĂ† /report-card
Î“Ă¶ÂŁ â•žĂ† /report-card/[county]
Î“Ă¶ÂŁ Î“ĂąĂŻ /robots.txt
Î“Ă¶ÂŁ â•žĂ† /search
Î“Ă¶ÂŁ â•žĂ† /shows
Î“Ă¶ÂŁ Î“ĂąĂ… /shows/[slug]                                          1m      1y
Î“Ă¶Ă© Î“Ă¶ÂŁ /shows/the-colony-report                               1m      1y
Î“Ă¶Ă© Î“Ă¶ÂŁ /shows/faith-and-freedom                               1m      1y
Î“Ă¶Ă© Î“Ă¶ÂŁ /shows/the-patriot-hour                                1m      1y
Î“Ă¶Ă© Î“Ă¶Ă¶ /shows/frontier-investigations                         1m      1y
Î“Ă¶ÂŁ â•žĂ† /shows/[slug]/[ep]
Î“Ă¶ÂŁ Î“ĂąĂŻ /sitemap.xml
Î“Ă¶ÂŁ â•žĂ† /stories
Î“Ă¶ÂŁ â•žĂ† /stories/[slug]
Î“Ă¶ÂŁ Î“ĂąĂŻ /submit-a-tip
Î“Ă¶ÂŁ Î“ĂąĂŻ /topics                                                2m      1y
Î“Ă¶ÂŁ Î“ĂąĂ… /topics/[topic]
Î“Ă¶ÂŁ Î“ĂąĂŻ /vs/blaze
Î“Ă¶Ă¶ â•žĂ† /watch


â•žĂ† Proxy (Middleware)

Î“ĂąĂŻ  (Static)   prerendered as static content
Î“ĂąĂ…  (SSG)      prerendered as static HTML (uses generateStaticParams)
â•žĂ†  (Dynamic)  server-rendered on demand

